<?xml version="1.0" encoding="UTF-8"?>
<testng-results ignored="0" total="3" passed="3" failed="0" skipped="0">
  <reporter-output>
  </reporter-output>
  <suite started-at="2024-07-29T01:06:12 IST" name="Default suite" finished-at="2024-07-29T01:06:18 IST" duration-ms="5346">
    <groups>
    </groups>
    <test started-at="2024-07-29T01:06:12 IST" name="Default test" finished-at="2024-07-29T01:06:18 IST" duration-ms="5346">
      <class name="files.DynamicJson">
        <test-method signature="addBook(java.lang.String,java.lang.String)[pri:0, instance:files.DynamicJson@4686afc2]" started-at="2024-07-29T01:06:13 IST" name="addBook" data-provider="BooksData" finished-at="2024-07-29T01:06:17 IST" duration-ms="4740" status="PASS">
          <params>
            <param index="0">
              <value>
                <![CDATA[fhfh]]>
              </value>
            </param>
            <param index="1">
              <value>
                <![CDATA[3322]]>
              </value>
            </param>
          </params>
          <reporter-output>
          </reporter-output>
        </test-method> <!-- addBook -->
        <test-method signature="addBook(java.lang.String,java.lang.String)[pri:0, instance:files.DynamicJson@4686afc2]" started-at="2024-07-29T01:06:17 IST" name="addBook" data-provider="BooksData" finished-at="2024-07-29T01:06:18 IST" duration-ms="228" status="PASS">
          <params>
            <param index="0">
              <value>
                <![CDATA[fhgj]]>
              </value>
            </param>
            <param index="1">
              <value>
                <![CDATA[1029]]>
              </value>
            </param>
          </params>
          <reporter-output>
          </reporter-output>
        </test-method> <!-- addBook -->
        <test-method signature="addBook(java.lang.String,java.lang.String)[pri:0, instance:files.DynamicJson@4686afc2]" started-at="2024-07-29T01:06:18 IST" name="addBook" data-provider="BooksData" finished-at="2024-07-29T01:06:18 IST" duration-ms="204" status="PASS">
          <params>
            <param index="0">
              <value>
                <![CDATA[nmbl]]>
              </value>
            </param>
            <param index="1">
              <value>
                <![CDATA[9822]]>
              </value>
            </param>
          </params>
          <reporter-output>
          </reporter-output>
        </test-method> <!-- addBook -->
      </class> <!-- files.DynamicJson -->
    </test> <!-- Default test -->
  </suite> <!-- Default suite -->
</testng-results>
